0 info it worked if it ends with ok
1 verbose cli [ '/usr/local/bin/node', '/usr/local/bin/npm', 'run', 'server' ]
2 info using npm@3.10.10
3 info using node@v6.11.2
4 verbose run-script [ 'preserver', 'server', 'postserver' ]
5 info lifecycle fullstack@1.0.0~preserver: fullstack@1.0.0
6 silly lifecycle fullstack@1.0.0~preserver: no script for preserver, continuing
7 info lifecycle fullstack@1.0.0~server: fullstack@1.0.0
8 verbose lifecycle fullstack@1.0.0~server: unsafe-perm in lifecycle true
9 verbose lifecycle fullstack@1.0.0~server: PATH: /usr/local/lib/node_modules/npm/bin/node-gyp-bin:/Users/matt/Meetup/Node+React/fullStack/node_modules/.bin:/usr/local/lib/node_modules/npm/bin/node-gyp-bin:/Users/matt/Meetup/Node+React/fullStack/node_modules/.bin:/Users/matt/anaconda/bin:/usr/local/bin:/usr/bin:/bin:/usr/sbin:/sbin:/Users/matt/Dev/mongodb/mongo/bin:/Applications/Wireshark.app/Contents/MacOS:/Users/matt/anaconda/bin:/Library/apache-maven-3.5.0/bin:/Users/matt/Dev/mongodb/mongodb-osx-x86_64-3.6.3/bi:/Library/apache-maven-3.5.0/bin:/Users/matt/Dev/mongodb/mongodb-osx-x86_64-3.6.3/bi
10 verbose lifecycle fullstack@1.0.0~server: CWD: /Users/matt/Meetup/Node+React/fullStack
11 silly lifecycle fullstack@1.0.0~server: Args: [ '-c', 'nodemon index.js' ]
12 info lifecycle fullstack@1.0.0~server: Failed to exec server script
13 verbose stack Error: fullstack@1.0.0 server: `nodemon index.js`
13 verbose stack spawn ENOENT
13 verbose stack     at ChildProcess.<anonymous> (/usr/local/lib/node_modules/npm/lib/utils/spawn.js:33:16)
13 verbose stack     at emitTwo (events.js:106:13)
13 verbose stack     at ChildProcess.emit (events.js:191:7)
13 verbose stack     at maybeClose (internal/child_process.js:891:16)
13 verbose stack     at Process.ChildProcess._handle.onexit (internal/child_process.js:226:5)
14 verbose pkgid fullstack@1.0.0
15 verbose cwd /Users/matt/Meetup/Node+React/fullStack
16 error Darwin 17.5.0
17 error argv "/usr/local/bin/node" "/usr/local/bin/npm" "run" "server"
18 error node v6.11.2
19 error npm  v3.10.10
20 error file sh
21 error code ELIFECYCLE
22 error errno ENOENT
23 error syscall spawn
24 error fullstack@1.0.0 server: `nodemon index.js`
24 error spawn ENOENT
25 error Failed at the fullstack@1.0.0 server script 'nodemon index.js'.
25 error Make sure you have the latest version of node.js and npm installed.
25 error If you do, this is most likely a problem with the fullstack package,
25 error not with npm itself.
25 error Tell the author that this fails on your system:
25 error     nodemon index.js
25 error You can get information on how to open an issue for this project with:
25 error     npm bugs fullstack
25 error Or if that isn't available, you can get their info via:
25 error     npm owner ls fullstack
25 error There is likely additional logging output above.
26 verbose exit [ 1, true ]
